[Sat Mar 05 18:31:44.142464 2022] [ssl:warn] [pid 1] AH01906: asaj-narzedzia.local:443:0 server certificate is a CA certificate (BasicConstraints: CA == TRUE !?)
[Sat Mar 05 18:31:44.171448 2022] [ssl:warn] [pid 1] AH01906: asaj-narzedzia.local:443:0 server certificate is a CA certificate (BasicConstraints: CA == TRUE !?)
[Sat Mar 05 18:41:33.958588 2022] [ssl:warn] [pid 1] AH01906: asaj-narzedzia.local:443:0 server certificate is a CA certificate (BasicConstraints: CA == TRUE !?)
[Sat Mar 05 18:41:33.986640 2022] [ssl:warn] [pid 1] AH01906: asaj-narzedzia.local:443:0 server certificate is a CA certificate (BasicConstraints: CA == TRUE !?)
[Sat Mar 05 18:44:37.627119 2022] [ssl:warn] [pid 1] AH01906: asaj-narzedzia.local:443:0 server certificate is a CA certificate (BasicConstraints: CA == TRUE !?)
[Sat Mar 05 18:44:37.648180 2022] [ssl:warn] [pid 1] AH01906: asaj-narzedzia.local:443:0 server certificate is a CA certificate (BasicConstraints: CA == TRUE !?)
[Sat Mar 05 18:45:26.067157 2022] [ssl:warn] [pid 1] AH01906: asaj-narzedzia.local:443:0 server certificate is a CA certificate (BasicConstraints: CA == TRUE !?)
[Sat Mar 05 18:45:26.086408 2022] [ssl:warn] [pid 1] AH01906: asaj-narzedzia.local:443:0 server certificate is a CA certificate (BasicConstraints: CA == TRUE !?)
[Sat Mar 05 18:56:03.833125 2022] [ssl:warn] [pid 1] AH01906: asaj-narzedzia.local:443:0 server certificate is a CA certificate (BasicConstraints: CA == TRUE !?)
[Sat Mar 05 18:56:03.851366 2022] [ssl:warn] [pid 1] AH01906: asaj-narzedzia.local:443:0 server certificate is a CA certificate (BasicConstraints: CA == TRUE !?)
[Sat Mar 05 19:30:01.384018 2022] [ssl:warn] [pid 1] AH01906: asaj-narzedzia.local:443:0 server certificate is a CA certificate (BasicConstraints: CA == TRUE !?)
[Sat Mar 05 19:30:01.409440 2022] [ssl:warn] [pid 1] AH01906: asaj-narzedzia.local:443:0 server certificate is a CA certificate (BasicConstraints: CA == TRUE !?)
[Sat Mar 05 19:33:41.950403 2022] [ssl:warn] [pid 1] AH01906: asaj-narzedzia.local:443:0 server certificate is a CA certificate (BasicConstraints: CA == TRUE !?)
[Sat Mar 05 19:33:41.969869 2022] [ssl:warn] [pid 1] AH01906: asaj-narzedzia.local:443:0 server certificate is a CA certificate (BasicConstraints: CA == TRUE !?)
[Sat Mar 05 20:42:27.103665 2022] [ssl:warn] [pid 1] AH01906: asaj-narzedzia.local:443:0 server certificate is a CA certificate (BasicConstraints: CA == TRUE !?)
[Sat Mar 05 20:42:27.123632 2022] [ssl:warn] [pid 1] AH01906: asaj-narzedzia.local:443:0 server certificate is a CA certificate (BasicConstraints: CA == TRUE !?)
[Sat Mar 05 20:48:29.367383 2022] [ssl:warn] [pid 1] AH01906: asaj-narzedzia.local:443:0 server certificate is a CA certificate (BasicConstraints: CA == TRUE !?)
[Sat Mar 05 20:48:29.387405 2022] [ssl:warn] [pid 1] AH01906: asaj-narzedzia.local:443:0 server certificate is a CA certificate (BasicConstraints: CA == TRUE !?)
[Sun Mar 06 15:07:07.837088 2022] [ssl:warn] [pid 1] AH01906: asaj-narzedzia.local:443:0 server certificate is a CA certificate (BasicConstraints: CA == TRUE !?)
[Sun Mar 06 15:07:07.920467 2022] [ssl:warn] [pid 1] AH01906: asaj-narzedzia.local:443:0 server certificate is a CA certificate (BasicConstraints: CA == TRUE !?)
[Sun Mar 06 16:04:12.539335 2022] [ssl:warn] [pid 1] AH01906: asaj-narzedzia.local:443:0 server certificate is a CA certificate (BasicConstraints: CA == TRUE !?)
[Sun Mar 06 16:04:12.667483 2022] [ssl:warn] [pid 1] AH01906: asaj-narzedzia.local:443:0 server certificate is a CA certificate (BasicConstraints: CA == TRUE !?)
[Mon Mar 07 14:22:21.233938 2022] [ssl:warn] [pid 1] AH01906: asaj-narzedzia.local:443:0 server certificate is a CA certificate (BasicConstraints: CA == TRUE !?)
[Mon Mar 07 14:22:21.322706 2022] [ssl:warn] [pid 1] AH01906: asaj-narzedzia.local:443:0 server certificate is a CA certificate (BasicConstraints: CA == TRUE !?)
[Tue Mar 08 16:38:30.165392 2022] [ssl:warn] [pid 1] AH01906: asaj-narzedzia.local:443:0 server certificate is a CA certificate (BasicConstraints: CA == TRUE !?)
[Tue Mar 08 16:38:30.296970 2022] [ssl:warn] [pid 1] AH01906: asaj-narzedzia.local:443:0 server certificate is a CA certificate (BasicConstraints: CA == TRUE !?)
[Wed Mar 09 18:31:30.249007 2022] [ssl:warn] [pid 1] AH01906: asaj-narzedzia.local:443:0 server certificate is a CA certificate (BasicConstraints: CA == TRUE !?)
[Wed Mar 09 18:31:30.360818 2022] [ssl:warn] [pid 1] AH01906: asaj-narzedzia.local:443:0 server certificate is a CA certificate (BasicConstraints: CA == TRUE !?)
[Wed Mar 09 19:36:48.915695 2022] [ssl:warn] [pid 1] AH01906: asaj-narzedzia.local:443:0 server certificate is a CA certificate (BasicConstraints: CA == TRUE !?)
[Wed Mar 09 19:36:48.936109 2022] [ssl:warn] [pid 1] AH01906: asaj-narzedzia.local:443:0 server certificate is a CA certificate (BasicConstraints: CA == TRUE !?)
[Wed Mar 09 19:41:42.384608 2022] [ssl:warn] [pid 1] AH01906: asaj-narzedzia.local:443:0 server certificate is a CA certificate (BasicConstraints: CA == TRUE !?)
[Wed Mar 09 19:41:42.404963 2022] [ssl:warn] [pid 1] AH01906: asaj-narzedzia.local:443:0 server certificate is a CA certificate (BasicConstraints: CA == TRUE !?)
[Wed Mar 09 19:44:07.802326 2022] [ssl:warn] [pid 1] AH01906: asaj-narzedzia.local:443:0 server certificate is a CA certificate (BasicConstraints: CA == TRUE !?)
[Wed Mar 09 19:44:07.827010 2022] [ssl:warn] [pid 1] AH01906: asaj-narzedzia.local:443:0 server certificate is a CA certificate (BasicConstraints: CA == TRUE !?)
[Wed Mar 09 19:47:20.794423 2022] [ssl:warn] [pid 1] AH01906: asaj-narzedzia.local:443:0 server certificate is a CA certificate (BasicConstraints: CA == TRUE !?)
[Wed Mar 09 19:47:20.816757 2022] [ssl:warn] [pid 1] AH01906: asaj-narzedzia.local:443:0 server certificate is a CA certificate (BasicConstraints: CA == TRUE !?)
[Wed Mar 09 19:50:02.562500 2022] [ssl:warn] [pid 1] AH01906: asaj-narzedzia.local:443:0 server certificate is a CA certificate (BasicConstraints: CA == TRUE !?)
[Wed Mar 09 19:50:02.582576 2022] [ssl:warn] [pid 1] AH01906: asaj-narzedzia.local:443:0 server certificate is a CA certificate (BasicConstraints: CA == TRUE !?)
[Wed Mar 09 19:52:24.718567 2022] [ssl:warn] [pid 1] AH01906: asaj-narzedzia.local:443:0 server certificate is a CA certificate (BasicConstraints: CA == TRUE !?)
[Wed Mar 09 19:52:24.738782 2022] [ssl:warn] [pid 1] AH01906: asaj-narzedzia.local:443:0 server certificate is a CA certificate (BasicConstraints: CA == TRUE !?)
[Wed Mar 09 20:03:53.049128 2022] [ssl:warn] [pid 1] AH01906: asaj-narzedzia.local:443:0 server certificate is a CA certificate (BasicConstraints: CA == TRUE !?)
[Wed Mar 09 20:03:53.069570 2022] [ssl:warn] [pid 1] AH01906: asaj-narzedzia.local:443:0 server certificate is a CA certificate (BasicConstraints: CA == TRUE !?)
[Wed Mar 09 20:04:38.718116 2022] [ssl:warn] [pid 1] AH01906: asaj-narzedzia.local:443:0 server certificate is a CA certificate (BasicConstraints: CA == TRUE !?)
[Wed Mar 09 20:04:38.738490 2022] [ssl:warn] [pid 1] AH01906: asaj-narzedzia.local:443:0 server certificate is a CA certificate (BasicConstraints: CA == TRUE !?)
[Wed Mar 09 20:06:42.007788 2022] [ssl:warn] [pid 1] AH01906: asaj-narzedzia.local:443:0 server certificate is a CA certificate (BasicConstraints: CA == TRUE !?)
[Wed Mar 09 20:06:42.029934 2022] [ssl:warn] [pid 1] AH01906: asaj-narzedzia.local:443:0 server certificate is a CA certificate (BasicConstraints: CA == TRUE !?)
[Wed Mar 09 20:10:57.069381 2022] [ssl:warn] [pid 1] AH01906: asaj-narzedzia.local:443:0 server certificate is a CA certificate (BasicConstraints: CA == TRUE !?)
[Wed Mar 09 20:10:57.098749 2022] [ssl:warn] [pid 1] AH01906: asaj-narzedzia.local:443:0 server certificate is a CA certificate (BasicConstraints: CA == TRUE !?)
[Sat Mar 12 07:29:35.598463 2022] [ssl:warn] [pid 1] AH01906: asaj-narzedzia.local:443:0 server certificate is a CA certificate (BasicConstraints: CA == TRUE !?)
[Sat Mar 12 07:29:35.697391 2022] [ssl:warn] [pid 1] AH01906: asaj-narzedzia.local:443:0 server certificate is a CA certificate (BasicConstraints: CA == TRUE !?)
