[Tue Jan 04 16:46:52.188514 2022] [mpm_prefork:notice] [pid 1] AH00163: Apache/2.4.52 (Debian) PHP/8.0.13 OpenSSL/1.1.1k configured -- resuming normal operations
[Tue Jan 04 16:46:52.188555 2022] [core:notice] [pid 1] AH00094: Command line: 'apache2 -D FOREGROUND'
[Tue Jan 04 16:47:05.475448 2022] [mpm_prefork:notice] [pid 1] AH00170: caught SIGWINCH, shutting down gracefully
[Tue Jan 04 16:56:28.697126 2022] [mpm_prefork:notice] [pid 1] AH00163: Apache/2.4.52 (Debian) PHP/8.0.13 OpenSSL/1.1.1k configured -- resuming normal operations
[Tue Jan 04 16:56:28.697170 2022] [core:notice] [pid 1] AH00094: Command line: 'apache2 -D FOREGROUND'
[Tue Jan 04 16:59:35.320274 2022] [mpm_prefork:notice] [pid 1] AH00170: caught SIGWINCH, shutting down gracefully
[Tue Jan 04 16:59:37.161789 2022] [mpm_prefork:notice] [pid 1] AH00163: Apache/2.4.52 (Debian) PHP/8.0.13 OpenSSL/1.1.1k configured -- resuming normal operations
[Tue Jan 04 16:59:37.161836 2022] [core:notice] [pid 1] AH00094: Command line: 'apache2 -D FOREGROUND'
[Tue Jan 04 21:39:42.358163 2022] [mpm_prefork:notice] [pid 1] AH00170: caught SIGWINCH, shutting down gracefully
[Wed Jan 05 18:00:09.470106 2022] [mpm_prefork:notice] [pid 1] AH00163: Apache/2.4.52 (Debian) PHP/8.0.13 OpenSSL/1.1.1k configured -- resuming normal operations
[Wed Jan 05 18:00:09.470614 2022] [core:notice] [pid 1] AH00094: Command line: 'apache2 -D FOREGROUND'
[Wed Jan 05 21:50:43.924270 2022] [mpm_prefork:notice] [pid 1] AH00170: caught SIGWINCH, shutting down gracefully
[Thu Jan 06 10:01:39.957128 2022] [mpm_prefork:notice] [pid 1] AH00163: Apache/2.4.52 (Debian) PHP/8.0.13 OpenSSL/1.1.1k configured -- resuming normal operations
[Thu Jan 06 10:01:39.957162 2022] [core:notice] [pid 1] AH00094: Command line: 'apache2 -D FOREGROUND'
[Thu Jan 06 20:54:52.831614 2022] [mpm_prefork:notice] [pid 1] AH00170: caught SIGWINCH, shutting down gracefully
[Fri Jan 07 06:39:57.653109 2022] [mpm_prefork:notice] [pid 1] AH00163: Apache/2.4.52 (Debian) PHP/8.0.13 OpenSSL/1.1.1k configured -- resuming normal operations
[Fri Jan 07 06:39:57.653157 2022] [core:notice] [pid 1] AH00094: Command line: 'apache2 -D FOREGROUND'
[Fri Jan 07 14:00:36.480309 2022] [mpm_prefork:notice] [pid 1] AH00170: caught SIGWINCH, shutting down gracefully
[Sat Jan 08 07:51:15.482964 2022] [mpm_prefork:notice] [pid 1] AH00163: Apache/2.4.52 (Debian) PHP/8.0.13 OpenSSL/1.1.1k configured -- resuming normal operations
[Sat Jan 08 07:51:15.483014 2022] [core:notice] [pid 1] AH00094: Command line: 'apache2 -D FOREGROUND'
[Sat Jan 08 14:42:09.907625 2022] [mpm_prefork:notice] [pid 1] AH00170: caught SIGWINCH, shutting down gracefully
[Mon Jan 10 12:45:29.168249 2022] [mpm_prefork:notice] [pid 1] AH00163: Apache/2.4.52 (Debian) PHP/8.0.13 OpenSSL/1.1.1k configured -- resuming normal operations
[Mon Jan 10 12:45:29.168296 2022] [core:notice] [pid 1] AH00094: Command line: 'apache2 -D FOREGROUND'
[Mon Jan 10 15:02:13.680685 2022] [mpm_prefork:notice] [pid 1] AH00170: caught SIGWINCH, shutting down gracefully
[Mon Jan 10 20:25:50.927568 2022] [mpm_prefork:notice] [pid 1] AH00163: Apache/2.4.52 (Debian) PHP/8.0.13 OpenSSL/1.1.1k configured -- resuming normal operations
[Mon Jan 10 20:25:50.927689 2022] [core:notice] [pid 1] AH00094: Command line: 'apache2 -D FOREGROUND'
[Mon Jan 10 22:19:43.372331 2022] [mpm_prefork:notice] [pid 1] AH00170: caught SIGWINCH, shutting down gracefully
[Tue Jan 11 07:11:04.132481 2022] [mpm_prefork:notice] [pid 1] AH00163: Apache/2.4.52 (Debian) PHP/8.0.13 OpenSSL/1.1.1k configured -- resuming normal operations
[Tue Jan 11 07:11:04.132521 2022] [core:notice] [pid 1] AH00094: Command line: 'apache2 -D FOREGROUND'
[Tue Jan 11 11:23:06.796786 2022] [mpm_prefork:notice] [pid 1] AH00170: caught SIGWINCH, shutting down gracefully
[Fri Jan 14 07:13:23.806143 2022] [mpm_prefork:notice] [pid 1] AH00163: Apache/2.4.52 (Debian) PHP/8.0.13 OpenSSL/1.1.1k configured -- resuming normal operations
[Fri Jan 14 07:13:23.806182 2022] [core:notice] [pid 1] AH00094: Command line: 'apache2 -D FOREGROUND'
[Fri Jan 14 09:27:23.245271 2022] [mpm_prefork:notice] [pid 1] AH00170: caught SIGWINCH, shutting down gracefully
[Mon Jan 17 08:46:18.166661 2022] [mpm_prefork:notice] [pid 1] AH00163: Apache/2.4.52 (Debian) PHP/8.0.13 OpenSSL/1.1.1k configured -- resuming normal operations
[Mon Jan 17 08:46:18.166930 2022] [core:notice] [pid 1] AH00094: Command line: 'apache2 -D FOREGROUND'
[Mon Jan 17 08:52:37.695562 2022] [mpm_prefork:notice] [pid 1] AH00170: caught SIGWINCH, shutting down gracefully
[Mon Jan 17 09:00:49.583562 2022] [mpm_prefork:notice] [pid 1] AH00163: Apache/2.4.52 (Debian) PHP/8.0.13 OpenSSL/1.1.1k configured -- resuming normal operations
[Mon Jan 17 09:00:49.583605 2022] [core:notice] [pid 1] AH00094: Command line: 'apache2 -D FOREGROUND'
[Mon Jan 17 09:10:35.145835 2022] [mpm_prefork:notice] [pid 1] AH00170: caught SIGWINCH, shutting down gracefully
[Mon Jan 17 09:13:31.210584 2022] [mpm_prefork:notice] [pid 1] AH00163: Apache/2.4.52 (Debian) PHP/8.0.13 OpenSSL/1.1.1k configured -- resuming normal operations
[Mon Jan 17 09:13:31.210630 2022] [core:notice] [pid 1] AH00094: Command line: 'apache2 -D FOREGROUND'
[Mon Jan 17 14:50:58.102396 2022] [mpm_prefork:notice] [pid 1] AH00170: caught SIGWINCH, shutting down gracefully
[Wed Jan 19 21:08:15.174213 2022] [mpm_prefork:notice] [pid 1] AH00163: Apache/2.4.52 (Debian) PHP/8.0.13 OpenSSL/1.1.1k configured -- resuming normal operations
[Wed Jan 19 21:08:15.174322 2022] [core:notice] [pid 1] AH00094: Command line: 'apache2 -D FOREGROUND'
[Wed Jan 19 22:18:10.160574 2022] [mpm_prefork:notice] [pid 1] AH00170: caught SIGWINCH, shutting down gracefully
[Thu Jan 20 19:37:43.364316 2022] [mpm_prefork:notice] [pid 1] AH00163: Apache/2.4.52 (Debian) PHP/8.0.13 OpenSSL/1.1.1k configured -- resuming normal operations
[Thu Jan 20 19:37:43.364567 2022] [core:notice] [pid 1] AH00094: Command line: 'apache2 -D FOREGROUND'
[Thu Jan 20 21:01:40.381383 2022] [mpm_prefork:notice] [pid 1] AH00170: caught SIGWINCH, shutting down gracefully
[Fri Jan 21 20:04:11.788646 2022] [mpm_prefork:notice] [pid 1] AH00163: Apache/2.4.52 (Debian) PHP/8.0.13 OpenSSL/1.1.1k configured -- resuming normal operations
[Fri Jan 21 20:04:11.788864 2022] [core:notice] [pid 1] AH00094: Command line: 'apache2 -D FOREGROUND'
[Sat Jan 22 19:03:53.700393 2022] [mpm_prefork:notice] [pid 1] AH00170: caught SIGWINCH, shutting down gracefully
[Mon Jan 24 06:08:42.171973 2022] [mpm_prefork:notice] [pid 1] AH00163: Apache/2.4.52 (Debian) PHP/8.0.13 OpenSSL/1.1.1k configured -- resuming normal operations
[Mon Jan 24 06:08:42.172855 2022] [core:notice] [pid 1] AH00094: Command line: 'apache2 -D FOREGROUND'
[Tue Jan 25 13:57:17.859954 2022] [mpm_prefork:notice] [pid 1] AH00170: caught SIGWINCH, shutting down gracefully
[Tue Jan 25 16:11:01.045222 2022] [mpm_prefork:notice] [pid 1] AH00163: Apache/2.4.52 (Debian) PHP/8.0.13 OpenSSL/1.1.1k configured -- resuming normal operations
[Tue Jan 25 16:11:01.045658 2022] [core:notice] [pid 1] AH00094: Command line: 'apache2 -D FOREGROUND'
[Tue Jan 25 21:09:48.309712 2022] [mpm_prefork:notice] [pid 1] AH00170: caught SIGWINCH, shutting down gracefully
[Sat Jan 29 11:03:08.790598 2022] [mpm_prefork:notice] [pid 1] AH00163: Apache/2.4.52 (Debian) PHP/8.0.13 OpenSSL/1.1.1k configured -- resuming normal operations
[Sat Jan 29 11:03:08.790640 2022] [core:notice] [pid 1] AH00094: Command line: 'apache2 -D FOREGROUND'
[Sun Jan 30 16:08:05.963174 2022] [mpm_prefork:notice] [pid 1] AH00170: caught SIGWINCH, shutting down gracefully
[Sun Feb 06 18:05:55.857365 2022] [mpm_prefork:notice] [pid 1] AH00163: Apache/2.4.52 (Debian) PHP/8.0.13 OpenSSL/1.1.1k configured -- resuming normal operations
[Sun Feb 06 18:05:55.857417 2022] [core:notice] [pid 1] AH00094: Command line: 'apache2 -D FOREGROUND'
[Sun Feb 06 21:14:16.518908 2022] [mpm_prefork:notice] [pid 1] AH00170: caught SIGWINCH, shutting down gracefully
[Mon Feb 07 19:00:49.314562 2022] [mpm_prefork:notice] [pid 1] AH00163: Apache/2.4.52 (Debian) PHP/8.0.13 OpenSSL/1.1.1k configured -- resuming normal operations
[Mon Feb 07 19:00:49.318058 2022] [core:notice] [pid 1] AH00094: Command line: 'apache2 -D FOREGROUND'
[Mon Feb 07 21:41:11.103972 2022] [mpm_prefork:notice] [pid 1] AH00170: caught SIGWINCH, shutting down gracefully
[Tue Feb 08 19:16:30.038233 2022] [mpm_prefork:notice] [pid 1] AH00163: Apache/2.4.52 (Debian) PHP/8.0.13 OpenSSL/1.1.1k configured -- resuming normal operations
[Tue Feb 08 19:16:30.038510 2022] [core:notice] [pid 1] AH00094: Command line: 'apache2 -D FOREGROUND'
sh: 1: cd: can't cd to web.php
sh: 1: git: not found
sh: 1: cd: can't cd to web.php
sh: 1: git: not found
sh: 1: cd: can't cd to web.php
sh: 1: git: not found
sh: 1: cd: can't cd to web.php
sh: 1: git: not found
[Tue Feb 08 21:44:28.288926 2022] [mpm_prefork:notice] [pid 1] AH00170: caught SIGWINCH, shutting down gracefully
[Thu Feb 10 19:36:30.656958 2022] [mpm_prefork:notice] [pid 1] AH00163: Apache/2.4.52 (Debian) PHP/8.0.13 OpenSSL/1.1.1k configured -- resuming normal operations
[Thu Feb 10 19:36:30.657196 2022] [core:notice] [pid 1] AH00094: Command line: 'apache2 -D FOREGROUND'
[Fri Feb 11 06:29:19.877042 2022] [mpm_prefork:notice] [pid 1] AH00170: caught SIGWINCH, shutting down gracefully
[Fri Feb 11 06:58:28.296026 2022] [mpm_prefork:notice] [pid 1] AH00163: Apache/2.4.52 (Debian) PHP/8.0.13 OpenSSL/1.1.1k configured -- resuming normal operations
[Fri Feb 11 06:58:28.296062 2022] [core:notice] [pid 1] AH00094: Command line: 'apache2 -D FOREGROUND'
[Fri Feb 11 14:28:55.677600 2022] [mpm_prefork:notice] [pid 1] AH00170: caught SIGWINCH, shutting down gracefully
[Fri Feb 11 16:25:51.269963 2022] [mpm_prefork:notice] [pid 1] AH00163: Apache/2.4.52 (Debian) PHP/8.0.13 OpenSSL/1.1.1k configured -- resuming normal operations
[Fri Feb 11 16:25:51.270352 2022] [core:notice] [pid 1] AH00094: Command line: 'apache2 -D FOREGROUND'
sh: 1: cd: can't cd to web.php
sh: 1: git: not found
sh: 1: cd: can't cd to web.php
sh: 1: git: not found
sh: 1: cd: can't cd to web.php
sh: 1: git: not found
sh: 1: cd: can't cd to web.php
sh: 1: git: not found
[Fri Feb 11 22:29:25.579506 2022] [mpm_prefork:notice] [pid 1] AH00170: caught SIGWINCH, shutting down gracefully
[Sat Feb 12 11:51:39.188164 2022] [mpm_prefork:notice] [pid 1] AH00163: Apache/2.4.52 (Debian) PHP/8.0.13 OpenSSL/1.1.1k configured -- resuming normal operations
[Sat Feb 12 11:51:39.188203 2022] [core:notice] [pid 1] AH00094: Command line: 'apache2 -D FOREGROUND'
[Sat Feb 12 13:17:09.004037 2022] [mpm_prefork:notice] [pid 1] AH00170: caught SIGWINCH, shutting down gracefully
[Wed Feb 16 18:29:58.246069 2022] [mpm_prefork:notice] [pid 1] AH00163: Apache/2.4.52 (Debian) PHP/8.0.13 OpenSSL/1.1.1k configured -- resuming normal operations
[Wed Feb 16 18:29:58.250758 2022] [core:notice] [pid 1] AH00094: Command line: 'apache2 -D FOREGROUND'
[Wed Feb 16 18:30:19.665422 2022] [mpm_prefork:notice] [pid 1] AH00170: caught SIGWINCH, shutting down gracefully
[Wed Feb 16 18:32:56.931180 2022] [mpm_prefork:notice] [pid 1] AH00163: Apache/2.4.52 (Debian) PHP/8.0.13 OpenSSL/1.1.1k configured -- resuming normal operations
[Wed Feb 16 18:32:56.931223 2022] [core:notice] [pid 1] AH00094: Command line: 'apache2 -D FOREGROUND'
[Wed Feb 16 21:31:37.370700 2022] [mpm_prefork:notice] [pid 1] AH00170: caught SIGWINCH, shutting down gracefully
[Sat Feb 19 14:18:13.648329 2022] [mpm_prefork:notice] [pid 1] AH00163: Apache/2.4.52 (Debian) PHP/8.0.13 OpenSSL/1.1.1k configured -- resuming normal operations
[Sat Feb 19 14:18:13.648555 2022] [core:notice] [pid 1] AH00094: Command line: 'apache2 -D FOREGROUND'
[Sun Feb 20 20:20:51.752648 2022] [mpm_prefork:notice] [pid 1] AH00170: caught SIGWINCH, shutting down gracefully
[Sat Feb 26 08:15:55.144097 2022] [mpm_prefork:notice] [pid 1] AH00163: Apache/2.4.52 (Debian) PHP/8.0.13 OpenSSL/1.1.1k configured -- resuming normal operations
[Sat Feb 26 08:15:55.144344 2022] [core:notice] [pid 1] AH00094: Command line: 'apache2 -D FOREGROUND'
[Sat Feb 26 08:16:46.916031 2022] [mpm_prefork:notice] [pid 1] AH00170: caught SIGWINCH, shutting down gracefully
[Sat Feb 26 08:17:42.994526 2022] [mpm_prefork:notice] [pid 1] AH00163: Apache/2.4.52 (Debian) PHP/8.0.13 OpenSSL/1.1.1k configured -- resuming normal operations
[Sat Feb 26 08:17:42.994574 2022] [core:notice] [pid 1] AH00094: Command line: 'apache2 -D FOREGROUND'
[Sat Feb 26 14:51:22.396249 2022] [mpm_prefork:notice] [pid 1] AH00170: caught SIGWINCH, shutting down gracefully
[Sun Feb 27 10:45:08.680314 2022] [mpm_prefork:notice] [pid 1] AH00163: Apache/2.4.52 (Debian) PHP/8.0.13 OpenSSL/1.1.1k configured -- resuming normal operations
[Sun Feb 27 10:45:08.680355 2022] [core:notice] [pid 1] AH00094: Command line: 'apache2 -D FOREGROUND'
[Sun Feb 27 18:04:46.351071 2022] [mpm_prefork:notice] [pid 1] AH00170: caught SIGWINCH, shutting down gracefully
[Tue Mar 01 19:45:44.979122 2022] [mpm_prefork:notice] [pid 1] AH00163: Apache/2.4.52 (Debian) PHP/8.0.13 OpenSSL/1.1.1k configured -- resuming normal operations
[Tue Mar 01 19:45:44.979164 2022] [core:notice] [pid 1] AH00094: Command line: 'apache2 -D FOREGROUND'
[Tue Mar 01 21:45:56.111979 2022] [mpm_prefork:notice] [pid 1] AH00170: caught SIGWINCH, shutting down gracefully
[Wed Mar 02 13:31:18.276169 2022] [mpm_prefork:notice] [pid 1] AH00163: Apache/2.4.52 (Debian) PHP/8.0.13 OpenSSL/1.1.1k configured -- resuming normal operations
[Wed Mar 02 13:31:18.276362 2022] [core:notice] [pid 1] AH00094: Command line: 'apache2 -D FOREGROUND'
sh: 1: cd: can't cd to AttributeService.php
sh: 1: git: not found
sh: 1: cd: can't cd to AttributeService.php
sh: 1: git: not found
[Wed Mar 02 13:54:55.533011 2022] [mpm_prefork:notice] [pid 1] AH00170: caught SIGWINCH, shutting down gracefully
AH00112: Warning: DocumentRoot [/var/www/asaj-narzedzia-app/public] does not exist
AH00112: Warning: DocumentRoot [/var/www/asaj-narzedzia-app/public] does not exist
[Sat Mar 05 18:31:44.174594 2022] [mpm_prefork:notice] [pid 1] AH00163: Apache/2.4.52 (Debian) PHP/8.0.13 OpenSSL/1.1.1k configured -- resuming normal operations
[Sat Mar 05 18:31:44.174627 2022] [core:notice] [pid 1] AH00094: Command line: 'apache2 -D FOREGROUND'
[Sat Mar 05 18:41:18.370867 2022] [mpm_prefork:notice] [pid 1] AH00170: caught SIGWINCH, shutting down gracefully
AH00112: Warning: DocumentRoot [/var/www/asaj-narzedzia-app/public] does not exist
AH00112: Warning: DocumentRoot [/var/www/asaj-narzedzia-app/public] does not exist
[Sat Mar 05 18:41:33.990244 2022] [mpm_prefork:notice] [pid 1] AH00163: Apache/2.4.52 (Debian) PHP/8.0.13 OpenSSL/1.1.1k configured -- resuming normal operations
[Sat Mar 05 18:41:33.990283 2022] [core:notice] [pid 1] AH00094: Command line: 'apache2 -D FOREGROUND'
[Sat Mar 05 18:42:20.923297 2022] [mpm_prefork:notice] [pid 1] AH00170: caught SIGWINCH, shutting down gracefully
AH00112: Warning: DocumentRoot [/var/www/asaj-narzedzia-app/public] does not exist
AH00112: Warning: DocumentRoot [/var/www/asaj-narzedzia-app/public] does not exist
[Sat Mar 05 18:44:37.651669 2022] [mpm_prefork:notice] [pid 1] AH00163: Apache/2.4.52 (Debian) PHP/8.0.13 OpenSSL/1.1.1k configured -- resuming normal operations
[Sat Mar 05 18:44:37.651703 2022] [core:notice] [pid 1] AH00094: Command line: 'apache2 -D FOREGROUND'
[Sat Mar 05 18:45:18.066146 2022] [mpm_prefork:notice] [pid 1] AH00170: caught SIGWINCH, shutting down gracefully
[Sat Mar 05 18:45:26.089871 2022] [mpm_prefork:notice] [pid 1] AH00163: Apache/2.4.52 (Debian) PHP/8.0.13 OpenSSL/1.1.1k configured -- resuming normal operations
[Sat Mar 05 18:45:26.089912 2022] [core:notice] [pid 1] AH00094: Command line: 'apache2 -D FOREGROUND'
[Sat Mar 05 18:50:24.631750 2022] [mpm_prefork:notice] [pid 1] AH00170: caught SIGWINCH, shutting down gracefully
[Sat Mar 05 18:56:03.881233 2022] [mpm_prefork:notice] [pid 1] AH00163: Apache/2.4.52 (Debian) PHP/8.0.13 OpenSSL/1.1.1k configured -- resuming normal operations
[Sat Mar 05 18:56:03.881328 2022] [core:notice] [pid 1] AH00094: Command line: 'apache2 -D FOREGROUND'
[Sat Mar 05 19:23:47.598159 2022] [mpm_prefork:notice] [pid 1] AH00170: caught SIGWINCH, shutting down gracefully
[Sat Mar 05 19:30:01.413236 2022] [mpm_prefork:notice] [pid 1] AH00163: Apache/2.4.52 (Debian) PHP/8.0.13 OpenSSL/1.1.1k configured -- resuming normal operations
[Sat Mar 05 19:30:01.413267 2022] [core:notice] [pid 1] AH00094: Command line: 'apache2 -D FOREGROUND'
[Sat Mar 05 19:31:02.209976 2022] [mpm_prefork:notice] [pid 1] AH00170: caught SIGWINCH, shutting down gracefully
[Sat Mar 05 19:33:41.973245 2022] [mpm_prefork:notice] [pid 1] AH00163: Apache/2.4.52 (Debian) PHP/8.0.13 OpenSSL/1.1.1k configured -- resuming normal operations
[Sat Mar 05 19:33:41.973282 2022] [core:notice] [pid 1] AH00094: Command line: 'apache2 -D FOREGROUND'
[Sat Mar 05 20:39:16.755763 2022] [mpm_prefork:notice] [pid 1] AH00170: caught SIGWINCH, shutting down gracefully
[Sat Mar 05 20:42:27.127254 2022] [mpm_prefork:notice] [pid 1] AH00163: Apache/2.4.52 (Debian) PHP/8.0.13 OpenSSL/1.1.1k configured -- resuming normal operations
[Sat Mar 05 20:42:27.127284 2022] [core:notice] [pid 1] AH00094: Command line: 'apache2 -D FOREGROUND'
[Sat Mar 05 20:44:53.842143 2022] [mpm_prefork:notice] [pid 1] AH00170: caught SIGWINCH, shutting down gracefully
[Sat Mar 05 20:48:29.391205 2022] [mpm_prefork:notice] [pid 1] AH00163: Apache/2.4.52 (Debian) PHP/8.0.13 OpenSSL/1.1.1k configured -- resuming normal operations
[Sat Mar 05 20:48:29.391251 2022] [core:notice] [pid 1] AH00094: Command line: 'apache2 -D FOREGROUND'
[Sat Mar 05 21:09:12.196592 2022] [mpm_prefork:notice] [pid 1] AH00170: caught SIGWINCH, shutting down gracefully
[Sun Mar 06 15:07:07.924889 2022] [mpm_prefork:notice] [pid 1] AH00163: Apache/2.4.52 (Debian) PHP/8.0.13 OpenSSL/1.1.1k configured -- resuming normal operations
[Sun Mar 06 15:07:07.926462 2022] [core:notice] [pid 1] AH00094: Command line: 'apache2 -D FOREGROUND'
[Sun Mar 06 15:38:12.865456 2022] [mpm_prefork:notice] [pid 1] AH00170: caught SIGWINCH, shutting down gracefully
[Sun Mar 06 16:04:12.677294 2022] [mpm_prefork:notice] [pid 1] AH00163: Apache/2.4.52 (Debian) PHP/8.0.13 OpenSSL/1.1.1k configured -- resuming normal operations
[Sun Mar 06 16:04:12.677394 2022] [core:notice] [pid 1] AH00094: Command line: 'apache2 -D FOREGROUND'
[Sun Mar 06 17:33:30.920653 2022] [core:notice] [pid 1] AH00052: child pid 128 exit signal Interrupt (2)
[Sun Mar 06 17:34:22.968302 2022] [core:notice] [pid 1] AH00052: child pid 237 exit signal Interrupt (2)
[Sun Mar 06 17:43:44.501476 2022] [core:notice] [pid 1] AH00052: child pid 1039 exit signal Interrupt (2)
[Sun Mar 06 18:48:19.189406 2022] [core:notice] [pid 1] AH00052: child pid 4648 exit signal Interrupt (2)
[Sun Mar 06 18:48:33.203681 2022] [core:notice] [pid 1] AH00052: child pid 4680 exit signal Interrupt (2)
[Sun Mar 06 18:51:28.372087 2022] [core:notice] [pid 1] AH00052: child pid 5048 exit signal Interrupt (2)
[Sun Mar 06 18:51:32.375642 2022] [core:notice] [pid 1] AH00052: child pid 5066 exit signal Interrupt (2)
[Sun Mar 06 18:52:11.416438 2022] [core:notice] [pid 1] AH00052: child pid 5088 exit signal Interrupt (2)
[Sun Mar 06 18:52:24.431170 2022] [core:notice] [pid 1] AH00052: child pid 5180 exit signal Interrupt (2)
[Sun Mar 06 18:57:27.745564 2022] [core:notice] [pid 1] AH00052: child pid 5193 exit signal Interrupt (2)
[Sun Mar 06 18:57:34.752378 2022] [core:notice] [pid 1] AH00052: child pid 5204 exit signal Interrupt (2)
[Sun Mar 06 18:57:43.761060 2022] [core:notice] [pid 1] AH00052: child pid 5306 exit signal Interrupt (2)
[Sun Mar 06 19:01:56.013252 2022] [core:notice] [pid 1] AH00052: child pid 5392 exit signal Interrupt (2)
[Sun Mar 06 19:09:57.483271 2022] [core:notice] [pid 1] AH00052: child pid 5454 exit signal Interrupt (2)
[Sun Mar 06 19:09:57.483313 2022] [core:notice] [pid 1] AH00052: child pid 5453 exit signal Interrupt (2)
[Sun Mar 06 19:17:09.910507 2022] [core:notice] [pid 1] AH00052: child pid 5549 exit signal Interrupt (2)
[Sun Mar 06 19:23:26.268445 2022] [core:notice] [pid 1] AH00052: child pid 5665 exit signal Interrupt (2)
[Sun Mar 06 20:37:26.549671 2022] [core:notice] [pid 1] AH00052: child pid 14762 exit signal Interrupt (2)
[Sun Mar 06 20:58:42.788026 2022] [core:notice] [pid 1] AH00052: child pid 17381 exit signal Interrupt (2)
[Sun Mar 06 20:59:06.810382 2022] [core:notice] [pid 1] AH00052: child pid 17620 exit signal Interrupt (2)
[Sun Mar 06 21:10:06.457779 2022] [core:notice] [pid 1] AH00052: child pid 18301 exit signal Interrupt (2)
[Sun Mar 06 21:11:20.528903 2022] [core:notice] [pid 1] AH00052: child pid 18460 exit signal Interrupt (2)
[Sun Mar 06 21:13:22.644408 2022] [core:notice] [pid 1] AH00052: child pid 18706 exit signal Interrupt (2)
[Sun Mar 06 21:16:33.836353 2022] [core:notice] [pid 1] AH00052: child pid 18934 exit signal Interrupt (2)
[Sun Mar 06 21:18:17.937473 2022] [core:notice] [pid 1] AH00052: child pid 19152 exit signal Interrupt (2)
[Sun Mar 06 21:18:36.955961 2022] [core:notice] [pid 1] AH00052: child pid 19191 exit signal Interrupt (2)
[Sun Mar 06 21:21:02.977758 2022] [mpm_prefork:notice] [pid 1] AH00170: caught SIGWINCH, shutting down gracefully
[Mon Mar 07 14:22:21.327043 2022] [mpm_prefork:notice] [pid 1] AH00163: Apache/2.4.52 (Debian) PHP/8.0.13 OpenSSL/1.1.1k configured -- resuming normal operations
[Mon Mar 07 14:22:21.327090 2022] [core:notice] [pid 1] AH00094: Command line: 'apache2 -D FOREGROUND'
[Mon Mar 07 14:28:23.664229 2022] [core:notice] [pid 1] AH00052: child pid 707 exit signal Interrupt (2)
[Mon Mar 07 14:29:53.746501 2022] [core:notice] [pid 1] AH00052: child pid 1005 exit signal Interrupt (2)
[Mon Mar 07 14:31:14.823113 2022] [core:notice] [pid 1] AH00052: child pid 1263 exit signal Interrupt (2)
[Mon Mar 07 14:37:56.156579 2022] [mpm_prefork:notice] [pid 1] AH00170: caught SIGWINCH, shutting down gracefully
[Tue Mar 08 16:38:30.307672 2022] [mpm_prefork:notice] [pid 1] AH00163: Apache/2.4.52 (Debian) PHP/8.0.13 OpenSSL/1.1.1k configured -- resuming normal operations
[Tue Mar 08 16:38:30.308082 2022] [core:notice] [pid 1] AH00094: Command line: 'apache2 -D FOREGROUND'
[Tue Mar 08 16:50:23.007717 2022] [core:notice] [pid 1] AH00052: child pid 931 exit signal Interrupt (2)
[Tue Mar 08 16:57:08.393730 2022] [core:notice] [pid 1] AH00052: child pid 1900 exit signal Interrupt (2)
[Tue Mar 08 17:11:49.234168 2022] [core:notice] [pid 1] AH00052: child pid 4141 exit signal Interrupt (2)
[Tue Mar 08 17:16:13.480805 2022] [core:notice] [pid 1] AH00052: child pid 4534 exit signal Interrupt (2)
[Tue Mar 08 17:20:23.719720 2022] [core:notice] [pid 1] AH00052: child pid 4759 exit signal Interrupt (2)
[Tue Mar 08 17:22:01.817193 2022] [core:notice] [pid 1] AH00052: child pid 5082 exit signal Interrupt (2)
[Tue Mar 08 17:30:09.283912 2022] [core:notice] [pid 1] AH00052: child pid 6369 exit signal Interrupt (2)
[Tue Mar 08 17:37:54.717812 2022] [core:notice] [pid 1] AH00052: child pid 7780 exit signal Interrupt (2)
[Tue Mar 08 17:38:31.751679 2022] [core:notice] [pid 1] AH00052: child pid 7844 exit signal Interrupt (2)
[Tue Mar 08 17:39:15.797969 2022] [core:notice] [pid 1] AH00052: child pid 7870 exit signal Interrupt (2)
[Tue Mar 08 17:42:46.000829 2022] [core:notice] [pid 1] AH00052: child pid 8504 exit signal Interrupt (2)
[Tue Mar 08 17:43:36.047755 2022] [core:notice] [pid 1] AH00052: child pid 8687 exit signal Interrupt (2)
[Tue Mar 08 17:45:22.146600 2022] [core:notice] [pid 1] AH00052: child pid 8996 exit signal Interrupt (2)
[Tue Mar 08 17:47:31.267827 2022] [core:notice] [pid 1] AH00052: child pid 9406 exit signal Interrupt (2)
[Tue Mar 08 17:58:06.890009 2022] [core:notice] [pid 1] AH00052: child pid 9838 exit signal Interrupt (2)
[Tue Mar 08 17:58:13.898194 2022] [core:notice] [pid 1] AH00052: child pid 9849 exit signal Interrupt (2)
[Tue Mar 08 17:58:23.908523 2022] [core:notice] [pid 1] AH00052: child pid 9874 exit signal Interrupt (2)
[Tue Mar 08 17:59:06.951833 2022] [core:notice] [pid 1] AH00052: child pid 9938 exit signal Interrupt (2)
[Tue Mar 08 18:00:18.017963 2022] [core:notice] [pid 1] AH00052: child pid 10271 exit signal Interrupt (2)
[Tue Mar 08 18:03:26.204894 2022] [core:notice] [pid 1] AH00052: child pid 10443 exit signal Interrupt (2)
[Tue Mar 08 18:03:28.206404 2022] [core:notice] [pid 1] AH00052: child pid 10454 exit signal Interrupt (2)
[Tue Mar 08 18:04:52.289985 2022] [core:notice] [pid 1] AH00052: child pid 10507 exit signal Interrupt (2)
[Tue Mar 08 18:05:56.350005 2022] [core:notice] [pid 1] AH00052: child pid 10623 exit signal Interrupt (2)
[Tue Mar 08 18:06:43.395248 2022] [core:notice] [pid 1] AH00052: child pid 10711 exit signal Interrupt (2)
[Tue Mar 08 18:25:06.447704 2022] [core:notice] [pid 1] AH00052: child pid 13575 exit signal Interrupt (2)
[Wed Mar 09 06:30:47.818106 2022] [mpm_prefork:notice] [pid 1] AH00170: caught SIGWINCH, shutting down gracefully
[Wed Mar 09 18:31:30.367814 2022] [mpm_prefork:notice] [pid 1] AH00163: Apache/2.4.52 (Debian) PHP/8.0.13 OpenSSL/1.1.1k configured -- resuming normal operations
[Wed Mar 09 18:31:30.368133 2022] [core:notice] [pid 1] AH00094: Command line: 'apache2 -D FOREGROUND'
[Wed Mar 09 19:08:59.528130 2022] [core:notice] [pid 1] AH00052: child pid 10567 exit signal Interrupt (2)
[Wed Mar 09 19:36:37.307022 2022] [mpm_prefork:notice] [pid 1] AH00170: caught SIGWINCH, shutting down gracefully
[Wed Mar 09 19:36:48.940027 2022] [mpm_prefork:notice] [pid 1] AH00163: Apache/2.4.52 (Debian) PHP/8.0.13 OpenSSL/1.1.1k configured -- resuming normal operations
[Wed Mar 09 19:36:48.940057 2022] [core:notice] [pid 1] AH00094: Command line: 'apache2 -D FOREGROUND'
[Wed Mar 09 19:41:11.429355 2022] [mpm_prefork:notice] [pid 1] AH00170: caught SIGWINCH, shutting down gracefully
[Wed Mar 09 19:41:42.408809 2022] [mpm_prefork:notice] [pid 1] AH00163: Apache/2.4.52 (Debian) PHP/8.0.13 OpenSSL/1.1.1k configured -- resuming normal operations
[Wed Mar 09 19:41:42.408850 2022] [core:notice] [pid 1] AH00094: Command line: 'apache2 -D FOREGROUND'
[Wed Mar 09 19:42:00.703675 2022] [mpm_prefork:notice] [pid 1] AH00170: caught SIGWINCH, shutting down gracefully
[Wed Mar 09 19:44:07.831268 2022] [mpm_prefork:notice] [pid 1] AH00163: Apache/2.4.52 (Debian) PHP/8.0.13 OpenSSL/1.1.1k configured -- resuming normal operations
[Wed Mar 09 19:44:07.831315 2022] [core:notice] [pid 1] AH00094: Command line: 'apache2 -D FOREGROUND'
[Wed Mar 09 19:47:12.620548 2022] [mpm_prefork:notice] [pid 1] AH00170: caught SIGWINCH, shutting down gracefully
[Wed Mar 09 19:47:20.820592 2022] [mpm_prefork:notice] [pid 1] AH00163: Apache/2.4.52 (Debian) PHP/8.0.13 OpenSSL/1.1.1k configured -- resuming normal operations
[Wed Mar 09 19:47:20.820636 2022] [core:notice] [pid 1] AH00094: Command line: 'apache2 -D FOREGROUND'
[Wed Mar 09 19:49:52.348686 2022] [mpm_prefork:notice] [pid 1] AH00170: caught SIGWINCH, shutting down gracefully
[Wed Mar 09 19:50:02.586379 2022] [mpm_prefork:notice] [pid 1] AH00163: Apache/2.4.52 (Debian) PHP/8.0.13 OpenSSL/1.1.1k configured -- resuming normal operations
[Wed Mar 09 19:50:02.586417 2022] [core:notice] [pid 1] AH00094: Command line: 'apache2 -D FOREGROUND'
[Wed Mar 09 19:52:07.027768 2022] [mpm_prefork:notice] [pid 1] AH00170: caught SIGWINCH, shutting down gracefully
[Wed Mar 09 19:52:24.742638 2022] [mpm_prefork:notice] [pid 1] AH00163: Apache/2.4.52 (Debian) PHP/8.0.13 OpenSSL/1.1.1k configured -- resuming normal operations
[Wed Mar 09 19:52:24.742678 2022] [core:notice] [pid 1] AH00094: Command line: 'apache2 -D FOREGROUND'
[Wed Mar 09 20:03:30.189617 2022] [mpm_prefork:notice] [pid 1] AH00170: caught SIGWINCH, shutting down gracefully
[Wed Mar 09 20:03:53.073355 2022] [mpm_prefork:notice] [pid 1] AH00163: Apache/2.4.52 (Debian) PHP/8.0.13 OpenSSL/1.1.1k configured -- resuming normal operations
[Wed Mar 09 20:03:53.073393 2022] [core:notice] [pid 1] AH00094: Command line: 'apache2 -D FOREGROUND'
[Wed Mar 09 20:04:31.253975 2022] [mpm_prefork:notice] [pid 1] AH00170: caught SIGWINCH, shutting down gracefully
[Wed Mar 09 20:04:38.742454 2022] [mpm_prefork:notice] [pid 1] AH00163: Apache/2.4.52 (Debian) PHP/8.0.13 OpenSSL/1.1.1k configured -- resuming normal operations
[Wed Mar 09 20:04:38.742496 2022] [core:notice] [pid 1] AH00094: Command line: 'apache2 -D FOREGROUND'
[Wed Mar 09 20:06:30.946510 2022] [mpm_prefork:notice] [pid 1] AH00170: caught SIGWINCH, shutting down gracefully
[Wed Mar 09 20:06:42.034100 2022] [mpm_prefork:notice] [pid 1] AH00163: Apache/2.4.52 (Debian) PHP/8.0.13 OpenSSL/1.1.1k configured -- resuming normal operations
[Wed Mar 09 20:06:42.034141 2022] [core:notice] [pid 1] AH00094: Command line: 'apache2 -D FOREGROUND'
[Wed Mar 09 20:10:43.524108 2022] [mpm_prefork:notice] [pid 1] AH00170: caught SIGWINCH, shutting down gracefully
[Wed Mar 09 20:10:57.102947 2022] [mpm_prefork:notice] [pid 1] AH00163: Apache/2.4.52 (Debian) PHP/8.0.13 OpenSSL/1.1.1k configured -- resuming normal operations
[Wed Mar 09 20:10:57.102987 2022] [core:notice] [pid 1] AH00094: Command line: 'apache2 -D FOREGROUND'
[Wed Mar 09 20:49:26.835409 2022] [mpm_prefork:notice] [pid 1] AH00170: caught SIGWINCH, shutting down gracefully
[Sat Mar 12 07:29:35.701844 2022] [mpm_prefork:notice] [pid 1] AH00163: Apache/2.4.52 (Debian) PHP/8.0.13 OpenSSL/1.1.1k configured -- resuming normal operations
[Sat Mar 12 07:29:35.703837 2022] [core:notice] [pid 1] AH00094: Command line: 'apache2 -D FOREGROUND'
[Sat Mar 12 08:11:38.143901 2022] [core:notice] [pid 1] AH00052: child pid 49 exit signal Interrupt (2)
[Sat Mar 12 08:11:56.160930 2022] [core:notice] [pid 1] AH00052: child pid 137 exit signal Interrupt (2)
[Sun Mar 13 11:30:01.540933 2022] [mpm_prefork:notice] [pid 1] AH00163: Apache/2.4.38 (Debian) PHP/7.4.21 OpenSSL/1.1.1d configured -- resuming normal operations
[Sun Mar 13 11:30:01.540973 2022] [core:notice] [pid 1] AH00094: Command line: 'apache2 -D FOREGROUND'
[Sun Mar 13 11:31:12.901180 2022] [mpm_prefork:notice] [pid 1] AH00170: caught SIGWINCH, shutting down gracefully
[Sun Mar 13 13:27:59.805287 2022] [mpm_prefork:notice] [pid 1] AH00163: Apache/2.4.38 (Debian) PHP/7.4.21 OpenSSL/1.1.1d configured -- resuming normal operations
[Sun Mar 13 13:27:59.805330 2022] [core:notice] [pid 1] AH00094: Command line: 'apache2 -D FOREGROUND'
[Sun Mar 13 13:28:08.061427 2022] [mpm_prefork:notice] [pid 1] AH00170: caught SIGWINCH, shutting down gracefully
[Sun Mar 13 13:31:16.389381 2022] [mpm_prefork:notice] [pid 1] AH00163: Apache/2.4.38 (Debian) PHP/7.4.21 OpenSSL/1.1.1d configured -- resuming normal operations
[Sun Mar 13 13:31:16.389412 2022] [core:notice] [pid 1] AH00094: Command line: 'apache2 -D FOREGROUND'
