[Tue Jan 04 16:46:52.119163 2022] [ssl:warn] [pid 1] AH01906: unit-editor.local:443:0 server certificate is a CA certificate (BasicConstraints: CA == TRUE !?)
[Tue Jan 04 16:46:52.185135 2022] [ssl:warn] [pid 1] AH01906: unit-editor.local:443:0 server certificate is a CA certificate (BasicConstraints: CA == TRUE !?)
[Tue Jan 04 16:56:28.674858 2022] [ssl:warn] [pid 1] AH01906: unit-editor.local:443:0 server certificate is a CA certificate (BasicConstraints: CA == TRUE !?)
[Tue Jan 04 16:56:28.693674 2022] [ssl:warn] [pid 1] AH01906: unit-editor.local:443:0 server certificate is a CA certificate (BasicConstraints: CA == TRUE !?)
[Tue Jan 04 16:59:37.137776 2022] [ssl:warn] [pid 1] AH01906: unit-editor.local:443:0 server certificate is a CA certificate (BasicConstraints: CA == TRUE !?)
[Tue Jan 04 16:59:37.157948 2022] [ssl:warn] [pid 1] AH01906: unit-editor.local:443:0 server certificate is a CA certificate (BasicConstraints: CA == TRUE !?)
[Wed Jan 05 18:00:09.394665 2022] [ssl:warn] [pid 1] AH01906: unit-editor.local:443:0 server certificate is a CA certificate (BasicConstraints: CA == TRUE !?)
[Wed Jan 05 18:00:09.466555 2022] [ssl:warn] [pid 1] AH01906: unit-editor.local:443:0 server certificate is a CA certificate (BasicConstraints: CA == TRUE !?)
[Thu Jan 06 10:01:39.867689 2022] [ssl:warn] [pid 1] AH01906: unit-editor.local:443:0 server certificate is a CA certificate (BasicConstraints: CA == TRUE !?)
[Thu Jan 06 10:01:39.953822 2022] [ssl:warn] [pid 1] AH01906: unit-editor.local:443:0 server certificate is a CA certificate (BasicConstraints: CA == TRUE !?)
[Fri Jan 07 06:39:57.520571 2022] [ssl:warn] [pid 1] AH01906: unit-editor.local:443:0 server certificate is a CA certificate (BasicConstraints: CA == TRUE !?)
[Fri Jan 07 06:39:57.648138 2022] [ssl:warn] [pid 1] AH01906: unit-editor.local:443:0 server certificate is a CA certificate (BasicConstraints: CA == TRUE !?)
[Sat Jan 08 07:51:15.407654 2022] [ssl:warn] [pid 1] AH01906: unit-editor.local:443:0 server certificate is a CA certificate (BasicConstraints: CA == TRUE !?)
[Sat Jan 08 07:51:15.478585 2022] [ssl:warn] [pid 1] AH01906: unit-editor.local:443:0 server certificate is a CA certificate (BasicConstraints: CA == TRUE !?)
[Mon Jan 10 12:45:29.087098 2022] [ssl:warn] [pid 1] AH01906: unit-editor.local:443:0 server certificate is a CA certificate (BasicConstraints: CA == TRUE !?)
[Mon Jan 10 12:45:29.164012 2022] [ssl:warn] [pid 1] AH01906: unit-editor.local:443:0 server certificate is a CA certificate (BasicConstraints: CA == TRUE !?)
[Mon Jan 10 20:25:50.831942 2022] [ssl:warn] [pid 1] AH01906: unit-editor.local:443:0 server certificate is a CA certificate (BasicConstraints: CA == TRUE !?)
[Mon Jan 10 20:25:50.917980 2022] [ssl:warn] [pid 1] AH01906: unit-editor.local:443:0 server certificate is a CA certificate (BasicConstraints: CA == TRUE !?)
[Tue Jan 11 07:11:04.056865 2022] [ssl:warn] [pid 1] AH01906: unit-editor.local:443:0 server certificate is a CA certificate (BasicConstraints: CA == TRUE !?)
[Tue Jan 11 07:11:04.128842 2022] [ssl:warn] [pid 1] AH01906: unit-editor.local:443:0 server certificate is a CA certificate (BasicConstraints: CA == TRUE !?)
[Fri Jan 14 07:13:23.731607 2022] [ssl:warn] [pid 1] AH01906: unit-editor.local:443:0 server certificate is a CA certificate (BasicConstraints: CA == TRUE !?)
[Fri Jan 14 07:13:23.802991 2022] [ssl:warn] [pid 1] AH01906: unit-editor.local:443:0 server certificate is a CA certificate (BasicConstraints: CA == TRUE !?)
[Mon Jan 17 08:46:18.062635 2022] [ssl:warn] [pid 1] AH01906: unit-editor.local:443:0 server certificate is a CA certificate (BasicConstraints: CA == TRUE !?)
[Mon Jan 17 08:46:18.163109 2022] [ssl:warn] [pid 1] AH01906: unit-editor.local:443:0 server certificate is a CA certificate (BasicConstraints: CA == TRUE !?)
[Mon Jan 17 09:00:49.545976 2022] [ssl:warn] [pid 1] AH01906: unit-editor.local:443:0 server certificate is a CA certificate (BasicConstraints: CA == TRUE !?)
[Mon Jan 17 09:00:49.578643 2022] [ssl:warn] [pid 1] AH01906: unit-editor.local:443:0 server certificate is a CA certificate (BasicConstraints: CA == TRUE !?)
[Mon Jan 17 09:13:31.112098 2022] [ssl:warn] [pid 1] AH01906: unit-editor.local:443:0 server certificate is a CA certificate (BasicConstraints: CA == TRUE !?)
[Mon Jan 17 09:13:31.206085 2022] [ssl:warn] [pid 1] AH01906: unit-editor.local:443:0 server certificate is a CA certificate (BasicConstraints: CA == TRUE !?)
[Wed Jan 19 21:08:15.038625 2022] [ssl:warn] [pid 1] AH01906: unit-editor.local:443:0 server certificate is a CA certificate (BasicConstraints: CA == TRUE !?)
[Wed Jan 19 21:08:15.159816 2022] [ssl:warn] [pid 1] AH01906: unit-editor.local:443:0 server certificate is a CA certificate (BasicConstraints: CA == TRUE !?)
[Thu Jan 20 19:37:43.290408 2022] [ssl:warn] [pid 1] AH01906: unit-editor.local:443:0 server certificate is a CA certificate (BasicConstraints: CA == TRUE !?)
[Thu Jan 20 19:37:43.360310 2022] [ssl:warn] [pid 1] AH01906: unit-editor.local:443:0 server certificate is a CA certificate (BasicConstraints: CA == TRUE !?)
[Fri Jan 21 20:04:11.722425 2022] [ssl:warn] [pid 1] AH01906: unit-editor.local:443:0 server certificate is a CA certificate (BasicConstraints: CA == TRUE !?)
[Fri Jan 21 20:04:11.785031 2022] [ssl:warn] [pid 1] AH01906: unit-editor.local:443:0 server certificate is a CA certificate (BasicConstraints: CA == TRUE !?)
[Mon Jan 24 06:08:42.008140 2022] [ssl:warn] [pid 1] AH01906: unit-editor.local:443:0 server certificate is a CA certificate (BasicConstraints: CA == TRUE !?)
[Mon Jan 24 06:08:42.164003 2022] [ssl:warn] [pid 1] AH01906: unit-editor.local:443:0 server certificate is a CA certificate (BasicConstraints: CA == TRUE !?)
[Tue Jan 25 16:11:00.906133 2022] [ssl:warn] [pid 1] AH01906: unit-editor.local:443:0 server certificate is a CA certificate (BasicConstraints: CA == TRUE !?)
[Tue Jan 25 16:11:01.033353 2022] [ssl:warn] [pid 1] AH01906: unit-editor.local:443:0 server certificate is a CA certificate (BasicConstraints: CA == TRUE !?)
[Sat Jan 29 11:03:08.714934 2022] [ssl:warn] [pid 1] AH01906: unit-editor.local:443:0 server certificate is a CA certificate (BasicConstraints: CA == TRUE !?)
[Sat Jan 29 11:03:08.787004 2022] [ssl:warn] [pid 1] AH01906: unit-editor.local:443:0 server certificate is a CA certificate (BasicConstraints: CA == TRUE !?)
[Sun Feb 06 18:05:55.768253 2022] [ssl:warn] [pid 1] AH01906: unit-editor.local:443:0 server certificate is a CA certificate (BasicConstraints: CA == TRUE !?)
[Sun Feb 06 18:05:55.852947 2022] [ssl:warn] [pid 1] AH01906: unit-editor.local:443:0 server certificate is a CA certificate (BasicConstraints: CA == TRUE !?)
[Mon Feb 07 19:00:49.216934 2022] [ssl:warn] [pid 1] AH01906: unit-editor.local:443:0 server certificate is a CA certificate (BasicConstraints: CA == TRUE !?)
[Mon Feb 07 19:00:49.305494 2022] [ssl:warn] [pid 1] AH01906: unit-editor.local:443:0 server certificate is a CA certificate (BasicConstraints: CA == TRUE !?)
[Tue Feb 08 19:16:29.946370 2022] [ssl:warn] [pid 1] AH01906: unit-editor.local:443:0 server certificate is a CA certificate (BasicConstraints: CA == TRUE !?)
[Tue Feb 08 19:16:30.032402 2022] [ssl:warn] [pid 1] AH01906: unit-editor.local:443:0 server certificate is a CA certificate (BasicConstraints: CA == TRUE !?)
[Thu Feb 10 19:36:30.583983 2022] [ssl:warn] [pid 1] AH01906: unit-editor.local:443:0 server certificate is a CA certificate (BasicConstraints: CA == TRUE !?)
[Thu Feb 10 19:36:30.653659 2022] [ssl:warn] [pid 1] AH01906: unit-editor.local:443:0 server certificate is a CA certificate (BasicConstraints: CA == TRUE !?)
[Fri Feb 11 06:58:28.264391 2022] [ssl:warn] [pid 1] AH01906: unit-editor.local:443:0 server certificate is a CA certificate (BasicConstraints: CA == TRUE !?)
[Fri Feb 11 06:58:28.291936 2022] [ssl:warn] [pid 1] AH01906: unit-editor.local:443:0 server certificate is a CA certificate (BasicConstraints: CA == TRUE !?)
[Fri Feb 11 16:25:51.181769 2022] [ssl:warn] [pid 1] AH01906: unit-editor.local:443:0 server certificate is a CA certificate (BasicConstraints: CA == TRUE !?)
[Fri Feb 11 16:25:51.265960 2022] [ssl:warn] [pid 1] AH01906: unit-editor.local:443:0 server certificate is a CA certificate (BasicConstraints: CA == TRUE !?)
[Sat Feb 12 11:51:39.078300 2022] [ssl:warn] [pid 1] AH01906: unit-editor.local:443:0 server certificate is a CA certificate (BasicConstraints: CA == TRUE !?)
[Sat Feb 12 11:51:39.178034 2022] [ssl:warn] [pid 1] AH01906: unit-editor.local:443:0 server certificate is a CA certificate (BasicConstraints: CA == TRUE !?)
[Wed Feb 16 18:29:58.159516 2022] [ssl:warn] [pid 1] AH01906: unit-editor.local:443:0 server certificate is a CA certificate (BasicConstraints: CA == TRUE !?)
[Wed Feb 16 18:29:58.241237 2022] [ssl:warn] [pid 1] AH01906: unit-editor.local:443:0 server certificate is a CA certificate (BasicConstraints: CA == TRUE !?)
[Wed Feb 16 18:32:56.849167 2022] [ssl:warn] [pid 1] AH01906: unit-editor.local:443:0 server certificate is a CA certificate (BasicConstraints: CA == TRUE !?)
[Wed Feb 16 18:32:56.926732 2022] [ssl:warn] [pid 1] AH01906: unit-editor.local:443:0 server certificate is a CA certificate (BasicConstraints: CA == TRUE !?)
[Sat Feb 19 14:18:13.575193 2022] [ssl:warn] [pid 1] AH01906: unit-editor.local:443:0 server certificate is a CA certificate (BasicConstraints: CA == TRUE !?)
[Sat Feb 19 14:18:13.644262 2022] [ssl:warn] [pid 1] AH01906: unit-editor.local:443:0 server certificate is a CA certificate (BasicConstraints: CA == TRUE !?)
[Sat Feb 26 08:15:55.081442 2022] [ssl:warn] [pid 1] AH01906: unit-editor.local:443:0 server certificate is a CA certificate (BasicConstraints: CA == TRUE !?)
[Sat Feb 26 08:15:55.140612 2022] [ssl:warn] [pid 1] AH01906: unit-editor.local:443:0 server certificate is a CA certificate (BasicConstraints: CA == TRUE !?)
[Sat Feb 26 08:17:42.962242 2022] [ssl:warn] [pid 1] AH01906: unit-editor.local:443:0 server certificate is a CA certificate (BasicConstraints: CA == TRUE !?)
[Sat Feb 26 08:17:42.990945 2022] [ssl:warn] [pid 1] AH01906: unit-editor.local:443:0 server certificate is a CA certificate (BasicConstraints: CA == TRUE !?)
[Sun Feb 27 10:45:08.612376 2022] [ssl:warn] [pid 1] AH01906: unit-editor.local:443:0 server certificate is a CA certificate (BasicConstraints: CA == TRUE !?)
[Sun Feb 27 10:45:08.676815 2022] [ssl:warn] [pid 1] AH01906: unit-editor.local:443:0 server certificate is a CA certificate (BasicConstraints: CA == TRUE !?)
[Tue Mar 01 19:45:44.905019 2022] [ssl:warn] [pid 1] AH01906: unit-editor.local:443:0 server certificate is a CA certificate (BasicConstraints: CA == TRUE !?)
[Tue Mar 01 19:45:44.975698 2022] [ssl:warn] [pid 1] AH01906: unit-editor.local:443:0 server certificate is a CA certificate (BasicConstraints: CA == TRUE !?)
[Wed Mar 02 13:31:18.201218 2022] [ssl:warn] [pid 1] AH01906: unit-editor.local:443:0 server certificate is a CA certificate (BasicConstraints: CA == TRUE !?)
[Wed Mar 02 13:31:18.272679 2022] [ssl:warn] [pid 1] AH01906: unit-editor.local:443:0 server certificate is a CA certificate (BasicConstraints: CA == TRUE !?)
